0 info it worked if it ends with ok
1 verbose cli [ 'C:\\Program Files\\nodejs\\node.exe',
1 verbose cli   'C:\\Users\\bwilson\\AppData\\Roaming\\npm\\node_modules\\npm\\bin\\npm-cli.js',
1 verbose cli   'run',
1 verbose cli   'clean:modules' ]
2 info using npm@4.0.2
3 info using node@v7.10.0
4 verbose run-script [ 'preclean:modules', 'clean:modules', 'postclean:modules' ]
5 info lifecycle webpack-scaffolding@1.0.0~preclean:modules: webpack-scaffolding@1.0.0
6 silly lifecycle webpack-scaffolding@1.0.0~preclean:modules: no script for preclean:modules, continuing
7 info lifecycle webpack-scaffolding@1.0.0~clean:modules: webpack-scaffolding@1.0.0
8 verbose lifecycle webpack-scaffolding@1.0.0~clean:modules: unsafe-perm in lifecycle true
9 verbose lifecycle webpack-scaffolding@1.0.0~clean:modules: PATH: C:\Users\bwilson\AppData\Roaming\npm\node_modules\npm\bin\node-gyp-bin;c:\seed\webpack-scaffolding\node_modules\.bin;C:\Users\bwilson\AppData\Roaming\npm;C:\Program Files\nodejs\;C:\ProgramData\Oracle\Java\javapath;C:\Python27\;C:\Python27\Scripts;C:\Windows\system32;C:\Windows;C:\Windows\System32\Wbem;C:\Windows\System32\WindowsPowerShell\v1.0\;C:\Program Files (x86)\Skype\Phone\;C:\Program Files\nodejs\;C:\Ruby23-x64\bin;C:\jdk8\bin;C:\Development\Tools\apache-maven-3.2.5-bin\apache-maven-3.2.5\bin;C:\cygwin64\bin;c:\users\bwilson\scripts;C:\workspace\ty\apache-tomcat-8.0.30\bin;C:\Ruby22-x64\bin;C:\Program Files (x86)\Google\Chrome\Application;C:\Program Files\Microsoft Office\Office14\;C:\Python27\;C:\Python27\Scripts;C:\Windows\system32;C:\Windows;C:\Windows\System32\Wbem;C:\Windows\System32\WindowsPowerShell\v1.0\;C:\Program Files (x86)\Skype\Phone\;C:\Users\bwilson\AppData\Local\Programs\Git\cmd;C:\Development\Tools\apache-maven-3.2.5-bin\apache-maven-3.2.5\bin;C:\Users\bwilson\AppData\Roaming\npm; C:\Users\bwilson\AppData\Roaming\npm\node_modules\grunt-cli\bin;C:\Users\bwilson\AppData\Local\atom\bin
10 verbose lifecycle webpack-scaffolding@1.0.0~clean:modules: CWD: c:\seed\webpack-scaffolding
11 silly lifecycle webpack-scaffolding@1.0.0~clean:modules: Args: [ '/d /s /c', 'rimraf node_modules' ]
12 silly lifecycle webpack-scaffolding@1.0.0~clean:modules: Returned: code: 1  signal: null
13 info lifecycle webpack-scaffolding@1.0.0~clean:modules: Failed to exec clean:modules script
14 verbose stack Error: webpack-scaffolding@1.0.0 clean:modules: `rimraf node_modules`
14 verbose stack Exit status 1
14 verbose stack     at EventEmitter.<anonymous> (C:\Users\bwilson\AppData\Roaming\npm\node_modules\npm\lib\utils\lifecycle.js:279:16)
14 verbose stack     at emitTwo (events.js:106:13)
14 verbose stack     at EventEmitter.emit (events.js:194:7)
14 verbose stack     at ChildProcess.<anonymous> (C:\Users\bwilson\AppData\Roaming\npm\node_modules\npm\lib\utils\spawn.js:40:14)
14 verbose stack     at emitTwo (events.js:106:13)
14 verbose stack     at ChildProcess.emit (events.js:194:7)
14 verbose stack     at maybeClose (internal/child_process.js:899:16)
14 verbose stack     at Process.ChildProcess._handle.onexit (internal/child_process.js:226:5)
15 verbose pkgid webpack-scaffolding@1.0.0
16 verbose cwd c:\seed\webpack-scaffolding
17 error Windows_NT 6.1.7601
18 error argv "C:\\Program Files\\nodejs\\node.exe" "C:\\Users\\bwilson\\AppData\\Roaming\\npm\\node_modules\\npm\\bin\\npm-cli.js" "run" "clean:modules"
19 error node v7.10.0
20 error npm  v4.0.2
21 error code ELIFECYCLE
22 error webpack-scaffolding@1.0.0 clean:modules: `rimraf node_modules`
22 error Exit status 1
23 error Failed at the webpack-scaffolding@1.0.0 clean:modules script 'rimraf node_modules'.
23 error Make sure you have the latest version of node.js and npm installed.
23 error If you do, this is most likely a problem with the webpack-scaffolding package,
23 error not with npm itself.
23 error Tell the author that this fails on your system:
23 error     rimraf node_modules
23 error You can get information on how to open an issue for this project with:
23 error     npm bugs webpack-scaffolding
23 error Or if that isn't available, you can get their info via:
23 error     npm owner ls webpack-scaffolding
23 error There is likely additional logging output above.
24 verbose exit [ 1, true ]
